# JRE version: OpenJDK Runtime Environment (21.0.2+13) (build 21.0.2+13-58)
# Java VM: OpenJDK 64-Bit Server VM (21.0.2+13-58, mixed mode, emulated-client, sharing, tiered, compressed oops, compressed class ptrs, g1 gc, windows-amd64)
GC Precious Log:
 CardTable entry size: 512
 Card Set container configuration: InlinePtr #cards 5 size 8 Array Of Cards #cards 12 size 40 Howl #buckets 4 coarsen threshold 1843 Howl Bitmap #cards 512 size 80 coarsen threshold 460 Card regions per heap region 1 cards per card region 2048
 CPUs: 8 total, 8 available
 Memory: 7975M
 Large Page Support: Disabled
 NUMA Support: Disabled
 Compressed Oops: Enabled (32-bit)
 Heap Region Size: 1M
 Heap Min Capacity: 8M
 Heap Initial Capacity: 126M
 Heap Max Capacity: 1994M
 Pre-touch: Disabled
 Parallel Workers: 8
 Concurrent Workers: 2
 Concurrent Refinement Workers: 8
 Periodic GC: Disabled
Heap:
 garbage-first heap   total 72704K, used 27343K [0x0000000083600000, 0x0000000100000000)
  region size 1024K, 3 young (3072K), 3 survivors (3072K)
 Metaspace       used 62137K, committed 62912K, reserved 1114112K
  class space    used 8563K, committed 8832K, reserved 1048576K
GC Heap History (20 events):
Event: 204.387 GC heap after
{Heap after GC invocations=22 (full 4):
 garbage-first heap   total 72704K, used 21294K [0x0000000083600000, 0x0000000100000000)
  region size 1024K, 0 young (0K), 0 survivors (0K)
 Metaspace       used 61190K, committed 62336K, reserved 1114112K
  class space    used 8413K, committed 8832K, reserved 1048576K
}
Event: 204.687 GC heap before
{Heap before GC invocations=22 (full 4):
 garbage-first heap   total 72704K, used 59182K [0x0000000083600000, 0x0000000100000000)
  region size 1024K, 38 young (38912K), 0 survivors (0K)
 Metaspace       used 61287K, committed 62336K, reserved 1114112K
  class space    used 8439K, committed 8832K, reserved 1048576K
}
Event: 204.689 GC heap after
{Heap after GC invocations=23 (full 4):
 garbage-first heap   total 72704K, used 25329K [0x0000000083600000, 0x0000000100000000)
  region size 1024K, 4 young (4096K), 4 survivors (4096K)
 Metaspace       used 61287K, committed 62336K, reserved 1114112K
  class space    used 8439K, committed 8832K, reserved 1048576K
}
Event: 248.037 GC heap before
{Heap before GC invocations=23 (full 4):
 garbage-first heap   total 72704K, used 59121K [0x0000000083600000, 0x0000000100000000)
  region size 1024K, 38 young (38912K), 4 survivors (4096K)
 Metaspace       used 61477K, committed 62336K, reserved 1114112K
  class space    used 8467K, committed 8832K, reserved 1048576K
}
Event: 248.043 GC heap after
{Heap after GC invocations=24 (full 4):
 garbage-first heap   total 72704K, used 28813K [0x0000000083600000, 0x0000000100000000)
  region size 1024K, 5 young (5120K), 5 survivors (5120K)
 Metaspace       used 61477K, committed 62336K, reserved 1114112K
  class space    used 8467K, committed 8832K, reserved 1048576K
}
Event: 313.289 GC heap before
{Heap before GC invocations=24 (full 4):
 garbage-first heap   total 72704K, used 33933K [0x0000000083600000, 0x0000000100000000)
  region size 1024K, 11 young (11264K), 5 survivors (5120K)
 Metaspace       used 61480K, committed 62336K, reserved 1114112K
  class space    used 8467K, committed 8832K, reserved 1048576K
}
Event: 313.324 GC heap after
{Heap after GC invocations=25 (full 5):
 garbage-first heap   total 72704K, used 21454K [0x0000000083600000, 0x0000000100000000)
  region size 1024K, 0 young (0K), 0 survivors (0K)
 Metaspace       used 61202K, committed 62272K, reserved 1114112K
  class space    used 8415K, committed 8832K, reserved 1048576K
}
Event: 313.562 GC heap before
{Heap before GC invocations=25 (full 5):
 garbage-first heap   total 72704K, used 59342K [0x0000000083600000, 0x0000000100000000)
  region size 1024K, 37 young (37888K), 0 survivors (0K)
 Metaspace       used 61300K, committed 62272K, reserved 1114112K
  class space    used 8441K, committed 8832K, reserved 1048576K
}
Event: 313.565 GC heap after
{Heap after GC invocations=26 (full 5):
 garbage-first heap   total 72704K, used 25453K [0x0000000083600000, 0x0000000100000000)
  region size 1024K, 4 young (4096K), 4 survivors (4096K)
 Metaspace       used 61300K, committed 62272K, reserved 1114112K
  class space    used 8441K, committed 8832K, reserved 1048576K
}
Event: 332.211 GC heap before
{Heap before GC invocations=26 (full 5):
 garbage-first heap   total 72704K, used 59245K [0x0000000083600000, 0x0000000100000000)
  region size 1024K, 38 young (38912K), 4 survivors (4096K)
 Metaspace       used 61509K, committed 62336K, reserved 1114112K
  class space    used 8475K, committed 8832K, reserved 1048576K
}
Event: 332.215 GC heap after
{Heap after GC invocations=27 (full 5):
 garbage-first heap   total 72704K, used 28772K [0x0000000083600000, 0x0000000100000000)
  region size 1024K, 5 young (5120K), 5 survivors (5120K)
 Metaspace       used 61509K, committed 62336K, reserved 1114112K
  class space    used 8475K, committed 8832K, reserved 1048576K
}
Event: 717.187 GC heap before
{Heap before GC invocations=27 (full 5):
 garbage-first heap   total 72704K, used 57444K [0x0000000083600000, 0x0000000100000000)
  region size 1024K, 33 young (33792K), 5 survivors (5120K)
 Metaspace       used 62297K, committed 62912K, reserved 1114112K
  class space    used 8582K, committed 8832K, reserved 1048576K
}
Event: 717.195 GC heap after
{Heap after GC invocations=28 (full 5):
 garbage-first heap   total 72704K, used 29698K [0x0000000083600000, 0x0000000100000000)
  region size 1024K, 1 young (1024K), 1 survivors (1024K)
 Metaspace       used 62297K, committed 62912K, reserved 1114112K
  class space    used 8582K, committed 8832K, reserved 1048576K
}
Event: 717.223 GC heap before
{Heap before GC invocations=28 (full 5):
 garbage-first heap   total 72704K, used 29698K [0x0000000083600000, 0x0000000100000000)
  region size 1024K, 2 young (2048K), 1 survivors (1024K)
 Metaspace       used 62299K, committed 62912K, reserved 1114112K
  class space    used 8583K, committed 8832K, reserved 1048576K
}
Event: 717.285 GC heap after
{Heap after GC invocations=29 (full 6):
 garbage-first heap   total 72704K, used 21984K [0x0000000083600000, 0x0000000100000000)
  region size 1024K, 0 young (0K), 0 survivors (0K)
 Metaspace       used 62011K, committed 62912K, reserved 1114112K
  class space    used 8530K, committed 8832K, reserved 1048576K
}
Event: 717.614 GC heap before
{Heap before GC invocations=29 (full 6):
 garbage-first heap   total 72704K, used 59872K [0x0000000083600000, 0x0000000100000000)
  region size 1024K, 38 young (38912K), 0 survivors (0K)
 Metaspace       used 62108K, committed 62912K, reserved 1114112K
  class space    used 8555K, committed 8832K, reserved 1048576K
}
Event: 717.616 GC heap after
{Heap after GC invocations=30 (full 6):
 garbage-first heap   total 72704K, used 25953K [0x0000000083600000, 0x0000000100000000)
  region size 1024K, 4 young (4096K), 4 survivors (4096K)
 Metaspace       used 62108K, committed 62912K, reserved 1114112K
  class space    used 8555K, committed 8832K, reserved 1048576K
}
Event: 719.299 GC heap before
{Heap before GC invocations=30 (full 6):
 garbage-first heap   total 72704K, used 58721K [0x0000000083600000, 0x0000000100000000)
  region size 1024K, 37 young (37888K), 4 survivors (4096K)
 Metaspace       used 62302K, committed 62912K, reserved 1114112K
  class space    used 8586K, committed 8832K, reserved 1048576K
}
Event: 719.334 GC heap after
{Heap after GC invocations=31 (full 7):
 garbage-first heap   total 72704K, used 24287K [0x0000000083600000, 0x0000000100000000)
  region size 1024K, 0 young (0K), 0 survivors (0K)
 Metaspace       used 62123K, committed 62912K, reserved 1114112K
  class space    used 8560K, committed 8832K, reserved 1048576K
}
Event: 719.554 GC heap before
{Heap before GC invocations=31 (full 7):
 garbage-first heap   total 72704K, used 60127K [0x0000000083600000, 0x0000000100000000)
  region size 1024K, 36 young (36864K), 0 survivors (0K)
 Metaspace       used 62137K, committed 62912K, reserved 1114112K
  class space    used 8563K, committed 8832K, reserved 1048576K
}

